e:\develop\ffmpeg\src\ffmpeg_in_action\ffmpeg_in_action\x64\debug\qrc_ffmpeg_in_action.obj
e:\develop\ffmpeg\src\ffmpeg_in_action\ffmpeg_in_action\x64\debug\moc_ffmpeg_in_action.obj
e:\develop\ffmpeg\src\ffmpeg_in_action\ffmpeg_in_action\x64\debug\ffmpeg_in_action.obj
e:\develop\ffmpeg\src\ffmpeg_in_action\ffmpeg_in_action\x64\debug\main.obj
e:\develop\ffmpeg\src\ffmpeg_in_action\ffmpeg_in_action\x64\debug\vc141.pdb
e:\develop\ffmpeg\src\ffmpeg_in_action\ffmpeg_in_action\x64\debug\uic\ui_ffmpeg_in_action.h
e:\develop\ffmpeg\src\ffmpeg_in_action\ffmpeg_in_action\x64\debug\rcc\qrc_ffmpeg_in_action.cpp
e:\develop\ffmpeg\src\ffmpeg_in_action\ffmpeg_in_action\x64\debug\moc\moc_ffmpeg_in_action.cpp
e:\develop\ffmpeg\src\ffmpeg_in_action\ffmpeg_in_action\x64\debug\\moc\moc_ffmpeg_in_action.cpp
e:\develop\ffmpeg\src\ffmpeg_in_action\ffmpeg_in_action\x64\debug\\rcc\qrc_ffmpeg_in_action.cpp
e:\develop\ffmpeg\src\ffmpeg_in_action\ffmpeg_in_action\x64\debug\\uic\ui_ffmpeg_in_action.h
e:\develop\ffmpeg\src\ffmpeg_in_action\x64\debug\ffmpeg_in_action.pdb
e:\develop\ffmpeg\src\ffmpeg_in_action\ffmpeg_in_action\x64\debug\ffmpeg_in_action.tlog\cl.14368.write.1.tlog
e:\develop\ffmpeg\src\ffmpeg_in_action\ffmpeg_in_action\x64\debug\ffmpeg_in_action.tlog\cl.command.1.tlog
e:\develop\ffmpeg\src\ffmpeg_in_action\ffmpeg_in_action\x64\debug\ffmpeg_in_action.tlog\cl.read.1.tlog
e:\develop\ffmpeg\src\ffmpeg_in_action\ffmpeg_in_action\x64\debug\ffmpeg_in_action.tlog\ffmpeg_in_action.write.1u.tlog
e:\develop\ffmpeg\src\ffmpeg_in_action\ffmpeg_in_action\x64\debug\ffmpeg_in_action.tlog\link.command.1.tlog
e:\develop\ffmpeg\src\ffmpeg_in_action\ffmpeg_in_action\x64\debug\ffmpeg_in_action.tlog\link.read.1.tlog
e:\develop\ffmpeg\src\ffmpeg_in_action\ffmpeg_in_action\x64\debug\ffmpeg_in_action.tlog\link.write.1.tlog
e:\develop\ffmpeg\src\ffmpeg_in_action\ffmpeg_in_action\x64\debug\ffmpeg_in_action.tlog\moc.read.1u.tlog
e:\develop\ffmpeg\src\ffmpeg_in_action\ffmpeg_in_action\x64\debug\ffmpeg_in_action.tlog\moc.write.1u.tlog
e:\develop\ffmpeg\src\ffmpeg_in_action\ffmpeg_in_action\x64\debug\ffmpeg_in_action.tlog\rcc.read.1u.tlog
e:\develop\ffmpeg\src\ffmpeg_in_action\ffmpeg_in_action\x64\debug\ffmpeg_in_action.tlog\rcc.write.1u.tlog
e:\develop\ffmpeg\src\ffmpeg_in_action\ffmpeg_in_action\x64\debug\ffmpeg_in_action.tlog\uic.read.1u.tlog
e:\develop\ffmpeg\src\ffmpeg_in_action\ffmpeg_in_action\x64\debug\ffmpeg_in_action.tlog\uic.write.1u.tlog
